testbench/tests/bin/test0.mips.bin,6
testbench/tests/bin/test1.mips.bin,7
testbench/tests/bin/test2.mips.bin,7
testbench/tests/bin/test5.mips.bin,8
testbench/tests/bin/beq01.mips.bin,9
testbench/tests/bin/beq02.mips.bin,10
testbench/tests/bin/beq03.mips.bin,9
testbench/tests/bin/beq04.mips.bin,8200
testbench/tests/bin/beq05.mips.bin,11
testbench/tests/bin/beq06.mips.bin,11
testbench/tests/bin/beq07.mips.bin,8
testbench/tests/bin/bne01.mips.bin,10
testbench/tests/bin/bne02.mips.bin,11
testbench/tests/bin/bne03.mips.bin,10
testbench/tests/bin/bne04.mips.bin,8201
testbench/tests/bin/bne05.mips.bin,12
testbench/tests/bin/bne06.mips.bin,9
testbench/tests/bin/bne07.mips.bin,9
testbench/tests/bin/bgez01.mips.bin,10
testbench/tests/bin/bgez02.mips.bin,11
testbench/tests/bin/bgez03.mips.bin,10
testbench/tests/bin/bgezal01.mips.bin,9
testbench/tests/bin/bgezal02.mips.bin,9
testbench/tests/bin/bgezal03.mips.bin,12
testbench/tests/bin/bgtz01.mips.bin,10
testbench/tests/bin/bgtz02.mips.bin,9
testbench/tests/bin/blez01.mips.bin,9
testbench/tests/bin/blez02.mips.bin,10
testbench/tests/bin/bltz01.mips.bin,11
testbench/tests/bin/bltz02.mips.bin,9
testbench/tests/bin/bltz03.mips.bin,12
testbench/tests/bin/bltzal01.mips.bin,11
testbench/tests/bin/bltzal02.mips.bin,8
testbench/tests/bin/lbu01.mips.bin,10
testbench/tests/bin/lbu02.mips.bin,12
testbench/tests/bin/lbu03.mips.bin,12
testbench/tests/bin/lb01.mips.bin,10
testbench/tests/bin/lb02.mips.bin,12
testbench/tests/bin/lb03.mips.bin,12
testbench/tests/bin/lb05.mips.bin,12
testbench/tests/bin/lhu01.mips.bin,10
testbench/tests/bin/lhu02.mips.bin,12
testbench/tests/bin/lhu03.mips.bin,12
testbench/tests/bin/lh01.mips.bin,10
testbench/tests/bin/lh02.mips.bin,12
testbench/tests/bin/lh03.mips.bin,12
testbench/tests/bin/lh05.mips.bin,12
testbench/tests/bin/sltiu01.mips.bin,8
testbench/tests/bin/sltiu02.mips.bin,8
testbench/tests/bin/sltiu03.mips.bin,10
testbench/tests/bin/slti01.mips.bin,8
testbench/tests/bin/slti02.mips.bin,8
testbench/tests/bin/slti03.mips.bin,11
testbench/tests/bin/test19.mips.bin,12
testbench/tests/bin/test17.mips.bin,11
testbench/tests/bin/test21.mips.bin,9
testbench/tests/bin/test101.mips.bin,10
testbench/tests/bin/test102.mips.bin,11
testbench/tests/bin/multu.mips.bin,14
testbench/tests/bin/test104.mips.bin,10
testbench/tests/bin/test105.mips.bin,9
testbench/tests/bin/test106.mips.bin,11
testbench/tests/bin/test107.mips.bin,8
testbench/tests/bin/test108.mips.bin,9
testbench/tests/bin/test109.mips.bin,11
testbench/tests/bin/test111.mips.bin,13
testbench/tests/bin/test112.mips.bin,14
testbench/tests/bin/test113.mips.bin,10
testbench/tests/bin/test114.mips.bin,12
testbench/tests/bin/test115.mips.bin,14
testbench/tests/bin/test116.mips.bin,9
testbench/tests/bin/test117.mips.bin,9
testbench/tests/bin/test118.mips.bin,11
testbench/tests/bin/test119.mips.bin,11
testbench/tests/bin/test24.mips.bin,242
testbench/tests/bin/test26.mips.bin,13
testbench/tests/bin/test25.mips.bin,18
testbench/tests/bin/testp.mips.bin,9
testbench/tests/bin/hard_set.mips.bin,30
testbench/tests/bin/test27.mips.bin,83
testbench/tests/bin/test28.mips.bin,2428
testbench/tests/bin/hard_set3.mips.bin,26
testbench/tests/bin/hard_set5.mips.bin,30
testbench/tests/bin/hard_set4.mips.bin,20
testbench/tests/bin/hard_set2.mips.bin,27
testbench/tests/bin/test29.mips.bin,2255
testbench/tests/bin/test30.mips.bin,1555
testbench/tests/bin/test32.mips.bin,14
testbench/tests/bin/quicksort.mips.bin,1596
testbench/tests/bin/fibonacci.mips.bin,1941
testbench/tests/bin/multu2.mips.bin,14
testbench/tests/bin/test33.mips.bin,14
testbench/tests/bin/hard_set6.mips.bin,30
testbench/tests/bin/add.mips.bin,9
testbench/tests/bin/add2.mips.bin,13
testbench/tests/bin/addu.mips.bin,13
testbench/tests/bin/addu2.mips.bin,9
testbench/tests/bin/and.mips.bin,11
testbench/tests/bin/and2.mips.bin,11
testbench/tests/bin/div.mips.bin,18
testbench/tests/bin/div2.mips.bin,15
testbench/tests/bin/div3.mips.bin,15
testbench/tests/bin/div4.mips.bin,17
testbench/tests/bin/div5.mips.bin,18
testbench/tests/bin/div6.mips.bin,15
testbench/tests/bin/div7.mips.bin,15
testbench/tests/bin/div8.mips.bin,15
testbench/tests/bin/divu1.mips.bin,12
testbench/tests/bin/divu2.mips.bin,12
testbench/tests/bin/divu3.mips.bin,12
testbench/tests/bin/divu4.mips.bin,12
testbench/tests/bin/mult1.mips.bin,12
testbench/tests/bin/mult2.mips.bin,15
testbench/tests/bin/mult3.mips.bin,12
testbench/tests/bin/mult4.mips.bin,10
testbench/tests/bin/mult5.mips.bin,10
testbench/tests/bin/mult6.mips.bin,14
testbench/tests/bin/mult7.mips.bin,14
testbench/tests/bin/or.mips.bin,9
testbench/tests/bin/or2.mips.bin,9
testbench/tests/bin/or3.mips.bin,9
testbench/tests/bin/or4.mips.bin,9
testbench/tests/bin/sll1.mips.bin,9
testbench/tests/bin/sll2.mips.bin,8
testbench/tests/bin/sll3.mips.bin,9
testbench/tests/bin/sllv.mips.bin,10
testbench/tests/bin/sllv2.mips.bin,9
testbench/tests/bin/srlv.mips.bin,10
testbench/tests/bin/slt1.mips.bin,10
testbench/tests/bin/slt2.mips.bin,10
testbench/tests/bin/slt3.mips.bin,9
testbench/tests/bin/sltu1.mips.bin,10
testbench/tests/bin/sltu2.mips.bin,10
testbench/tests/bin/sltu3.mips.bin,9
testbench/tests/bin/sltu4.mips.bin,10
testbench/tests/bin/sra.mips.bin,8
testbench/tests/bin/sra2.mips.bin,10
testbench/tests/bin/srav.mips.bin,10
testbench/tests/bin/srl1.mips.bin,8
testbench/tests/bin/srl2.mips.bin,8
testbench/tests/bin/srl3.mips.bin,8
testbench/tests/bin/sub1.mips.bin,9
testbench/tests/bin/sub2.mips.bin,9
testbench/tests/bin/sub4.mips.bin,11
testbench/tests/bin/subu1.mips.bin,13
testbench/tests/bin/subu2.mips.bin,11
testbench/tests/bin/lwl01.mips.bin,12
testbench/tests/bin/lwl02.mips.bin,12
testbench/tests/bin/jalr01.mips.bin,14
testbench/tests/bin/sh01.mips.bin,11
testbench/tests/bin/sh02.mips.bin,12
testbench/tests/bin/lwr01.mips.bin,12
testbench/tests/bin/lwr02.mips.bin,11
testbench/tests/bin/ubmark-cmplx-mult.mips.bin,27608
