Cycle: 0
-----------------------------------------------------------------------------------------------------------------------------------
| lui $v1, 0x7ff          | nop                     | nop                     | nop                     | nop                     |
-----------------------------------------------------------------------------------------------------------------------------------
Cycle: 1
-----------------------------------------------------------------------------------------------------------------------------------
| ori $v1, $v1, 0xffff    | lui $v1, 0x7ff          | nop                     | nop                     | nop                     |
-----------------------------------------------------------------------------------------------------------------------------------
Cycle: 2
-----------------------------------------------------------------------------------------------------------------------------------
| lui $a0, 0x7ff          | ori $v1, $v1, 0xffff    | lui $v1, 0x7ff          | nop                     | nop                     |
-----------------------------------------------------------------------------------------------------------------------------------
Cycle: 3
-----------------------------------------------------------------------------------------------------------------------------------
| lui $a0, 0x7ff          | ori $v1, $v1, 0xffff    | lui $v1, 0x7ff          | lui $v1, 0x7ff          | nop                     |
-----------------------------------------------------------------------------------------------------------------------------------
Cycle: 4
-----------------------------------------------------------------------------------------------------------------------------------
| ori $a0, $a0, 0xffff    | lui $a0, 0x7ff          | ori $v1, $v1, 0xffff    | lui $v1, 0x7ff          | lui $v1, 0x7ff          |
-----------------------------------------------------------------------------------------------------------------------------------
Cycle: 5
-----------------------------------------------------------------------------------------------------------------------------------
| addu $v0, $v1, $a0      | ori $a0, $a0, 0xffff    | lui $a0, 0x7ff          | ori $v1, $v1, 0xffff    | lui $v1, 0x7ff          |
-----------------------------------------------------------------------------------------------------------------------------------
Cycle: 6
-----------------------------------------------------------------------------------------------------------------------------------
| addu $v0, $v1, $a0      | ori $a0, $a0, 0xffff    | lui $a0, 0x7ff          | lui $a0, 0x7ff          | ori $v1, $v1, 0xffff    |
-----------------------------------------------------------------------------------------------------------------------------------
Cycle: 7
-----------------------------------------------------------------------------------------------------------------------------------
| jr $zero                | addu $v0, $v1, $a0      | ori $a0, $a0, 0xffff    | lui $a0, 0x7ff          | lui $a0, 0x7ff          |
-----------------------------------------------------------------------------------------------------------------------------------
Cycle: 8
-----------------------------------------------------------------------------------------------------------------------------------
| nop                     | jr $zero                | addu $v0, $v1, $a0      | ori $a0, $a0, 0xffff    | lui $a0, 0x7ff          |
-----------------------------------------------------------------------------------------------------------------------------------
Cycle: 9
-----------------------------------------------------------------------------------------------------------------------------------
| nop                     | nop                     | jr $zero                | addu $v0, $v1, $a0      | ori $a0, $a0, 0xffff    |
-----------------------------------------------------------------------------------------------------------------------------------
Cycle: 10
-----------------------------------------------------------------------------------------------------------------------------------
| nop                     | nop                     | nop                     | jr $zero                | addu $v0, $v1, $a0      |
-----------------------------------------------------------------------------------------------------------------------------------
Cycle: 11
-----------------------------------------------------------------------------------------------------------------------------------
| nop                     | nop                     | nop                     | nop                     | jr $zero                |
-----------------------------------------------------------------------------------------------------------------------------------
Cycle: 12
-----------------------------------------------------------------------------------------------------------------------------------
| nop                     | nop                     | nop                     | nop                     | nop                     |
-----------------------------------------------------------------------------------------------------------------------------------
Cycle: 13
-----------------------------------------------------------------------------------------------------------------------------------
| nop                     | nop                     | nop                     | nop                     | nop                     |
-----------------------------------------------------------------------------------------------------------------------------------
