0	| lui $at, 0x1234         	|IF	|ID	|X1	|--	|WB	|--	|--	|--	|--	|--	|--	|--	|--	|--	|--	|--	|--	|--	|--	|--	|--	|--	|--	|--	|--	|--	|--	|--	|--	|--	|--	|--	|--	|--	|--	|--	|--	|--	|--	|--	|--	|--	|--	|--	|--	|--	|--	|--	|--	|--	|
1	| ori $at, $at, 0x5678    	|--	|IF	|ID	|--	|X1	|WB	|--	|--	|--	|--	|--	|--	|--	|--	|--	|--	|--	|--	|--	|--	|--	|--	|--	|--	|--	|--	|--	|--	|--	|--	|--	|--	|--	|--	|--	|--	|--	|--	|--	|--	|--	|--	|--	|--	|--	|--	|--	|--	|--	|--	|
2	| lui $v1, 0x9abc         	|--	|--	|IF	|--	|ID	|X1	|--	|WB	|--	|--	|--	|--	|--	|--	|--	|--	|--	|--	|--	|--	|--	|--	|--	|--	|--	|--	|--	|--	|--	|--	|--	|--	|--	|--	|--	|--	|--	|--	|--	|--	|--	|--	|--	|--	|--	|--	|--	|--	|--	|--	|
3	| ori $v1, $v1, 0xdef0    	|--	|--	|--	|--	|IF	|ID	|--	|WB	|WB	|--	|--	|--	|--	|--	|--	|--	|--	|--	|--	|--	|--	|--	|--	|--	|--	|--	|--	|--	|--	|--	|--	|--	|--	|--	|--	|--	|--	|--	|--	|--	|--	|--	|--	|--	|--	|--	|--	|--	|--	|--	|
4	| lui $a0, 0x2000         	|--	|--	|--	|--	|--	|IF	|--	|ID	|X1	|--	|WB	|--	|--	|--	|--	|--	|--	|--	|--	|--	|--	|--	|--	|--	|--	|--	|--	|--	|--	|--	|--	|--	|--	|--	|--	|--	|--	|--	|--	|--	|--	|--	|--	|--	|--	|--	|--	|--	|--	|--	|
5	| sw $at, 0($a0)          	|--	|--	|--	|--	|--	|--	|--	|IF	|ID	|--	|X2	|WB	|WB	|--	|--	|--	|--	|--	|--	|--	|--	|--	|--	|--	|--	|--	|--	|--	|--	|--	|--	|--	|--	|--	|--	|--	|--	|--	|--	|--	|--	|--	|--	|--	|--	|--	|--	|--	|--	|--	|
6	| sw $v1, 4($a0)          	|--	|--	|--	|--	|--	|--	|--	|--	|IF	|--	|ID	|X1	|X2	|WB	|--	|--	|--	|--	|--	|--	|--	|--	|--	|--	|--	|--	|--	|--	|--	|--	|--	|--	|--	|--	|--	|--	|--	|--	|--	|--	|--	|--	|--	|--	|--	|--	|--	|--	|--	|--	|
7	|ILLEGAL                  	|--	|--	|--	|--	|--	|--	|--	|--	|--	|--	|IF	|ID	|X1	|X2	|WB	|--	|--	|--	|--	|--	|--	|--	|--	|--	|--	|--	|--	|--	|--	|--	|--	|--	|--	|--	|--	|--	|--	|--	|--	|--	|--	|--	|--	|--	|--	|--	|--	|--	|--	|--	|
8	|ILLEGAL                  	|--	|--	|--	|--	|--	|--	|--	|--	|--	|--	|--	|IF	|ID	|X1	|X2	|WB	|--	|--	|--	|--	|--	|--	|--	|--	|--	|--	|--	|--	|--	|--	|--	|--	|--	|--	|--	|--	|--	|--	|--	|--	|--	|--	|--	|--	|--	|--	|--	|--	|--	|--	|
9	|ILLEGAL                  	|--	|--	|--	|--	|--	|--	|--	|--	|--	|--	|--	|--	|IF	|ID	|X1	|X2	|WB	|--	|--	|--	|--	|--	|--	|--	|--	|--	|--	|--	|--	|--	|--	|--	|--	|--	|--	|--	|--	|--	|--	|--	|--	|--	|--	|--	|--	|--	|--	|--	|--	|--	|
10	| lbu $t0, 5($a0)         	|--	|--	|--	|--	|--	|--	|--	|--	|--	|--	|--	|--	|--	|IF	|ID	|X1	|X2	|WB	|--	|--	|--	|--	|--	|--	|--	|--	|--	|--	|--	|--	|--	|--	|--	|--	|--	|--	|--	|--	|--	|--	|--	|--	|--	|--	|--	|--	|--	|--	|--	|--	|
11	| addu $a1, $a1, $a2      	|--	|--	|--	|--	|--	|--	|--	|--	|--	|--	|--	|--	|--	|--	|IF	|ID	|X1	|X2	|WB	|--	|--	|--	|--	|--	|--	|--	|--	|--	|--	|--	|--	|--	|--	|--	|--	|--	|--	|--	|--	|--	|--	|--	|--	|--	|--	|--	|--	|--	|--	|--	|
12	| addu $a3, $a3, $t0      	|--	|--	|--	|--	|--	|--	|--	|--	|--	|--	|--	|--	|--	|--	|--	|IF	|ID	|X1	|X2	|WB	|--	|--	|--	|--	|--	|--	|--	|--	|--	|--	|--	|--	|--	|--	|--	|--	|--	|--	|--	|--	|--	|--	|--	|--	|--	|--	|--	|--	|--	|--	|
13	| addu $t1, $a3, $a1      	|--	|--	|--	|--	|--	|--	|--	|--	|--	|--	|--	|--	|--	|--	|--	|--	|IF	|ID	|X1	|X2	|WB	|--	|--	|--	|--	|--	|--	|--	|--	|--	|--	|--	|--	|--	|--	|--	|--	|--	|--	|--	|--	|--	|--	|--	|--	|--	|--	|--	|--	|--	|
14	| sb $t1, 1($a0)          	|--	|--	|--	|--	|--	|--	|--	|--	|--	|--	|--	|--	|--	|--	|--	|--	|--	|IF	|ID	|X1	|X2	|WB	|--	|--	|--	|--	|--	|--	|--	|--	|--	|--	|--	|--	|--	|--	|--	|--	|--	|--	|--	|--	|--	|--	|--	|--	|--	|--	|--	|--	|
15	| lw $t1, 0($a0)          	|--	|--	|--	|--	|--	|--	|--	|--	|--	|--	|--	|--	|--	|--	|--	|--	|--	|--	|IF	|ID	|X1	|X2	|--	|--	|--	|--	|--	|--	|--	|--	|--	|--	|--	|--	|--	|--	|--	|--	|--	|--	|--	|--	|--	|--	|--	|--	|--	|--	|--	|--	|
16	| lui $at, 0x129c         	|--	|--	|--	|--	|--	|--	|--	|--	|--	|--	|--	|--	|--	|--	|--	|--	|--	|--	|--	|IF	|ID	|X1	|--	|WB	|--	|--	|--	|--	|--	|--	|--	|--	|--	|--	|--	|--	|--	|--	|--	|--	|--	|--	|--	|--	|--	|--	|--	|--	|--	|--	|
17	| ori $at, $at, 0x5671    	|--	|--	|--	|--	|--	|--	|--	|--	|--	|--	|--	|--	|--	|--	|--	|--	|--	|--	|--	|--	|IF	|ID	|--	|X1	|WB	|--	|--	|--	|--	|--	|--	|--	|--	|--	|--	|--	|--	|--	|--	|--	|--	|--	|--	|--	|--	|--	|--	|--	|--	|--	|
18	| sub $t1, $t1, $at       	|--	|--	|--	|--	|--	|--	|--	|--	|--	|--	|--	|--	|--	|--	|--	|--	|--	|--	|--	|--	|--	|IF	|--	|ID	|X1	|WB	|--	|--	|--	|--	|--	|--	|--	|--	|--	|--	|--	|--	|--	|--	|--	|--	|--	|--	|--	|--	|--	|--	|--	|--	|
19	| addi $v0, $t1, 0x0      	|--	|--	|--	|--	|--	|--	|--	|--	|--	|--	|--	|--	|--	|--	|--	|--	|--	|--	|--	|--	|--	|--	|--	|IF	|ID	|X1	|WB	|--	|--	|--	|--	|--	|--	|--	|--	|--	|--	|--	|--	|--	|--	|--	|--	|--	|--	|--	|--	|--	|--	|--	|
20	| jr $zero                	|--	|--	|--	|--	|--	|--	|--	|--	|--	|--	|--	|--	|--	|--	|--	|--	|--	|--	|--	|--	|--	|--	|--	|--	|IF	|ID	|X1	|WB	|--	|--	|--	|--	|--	|--	|--	|--	|--	|--	|--	|--	|--	|--	|--	|--	|--	|--	|--	|--	|--	|--	|
21	| nop                     	|--	|--	|--	|--	|--	|--	|--	|--	|--	|--	|--	|--	|--	|--	|--	|--	|--	|--	|--	|--	|--	|--	|--	|--	|--	|--	|--	|--	|--	|--	|--	|--	|--	|--	|--	|--	|--	|--	|--	|--	|--	|--	|--	|--	|--	|--	|--	|--	|--	|--	|
22	| nop                     	|--	|--	|--	|--	|--	|--	|--	|--	|--	|--	|--	|--	|--	|--	|--	|--	|--	|--	|--	|--	|--	|--	|--	|--	|--	|--	|--	|--	|--	|--	|--	|--	|--	|--	|--	|--	|--	|--	|--	|--	|--	|--	|--	|--	|--	|--	|--	|--	|--	|--	|
23	| nop                     	|--	|--	|--	|--	|--	|--	|--	|--	|--	|--	|--	|--	|--	|--	|--	|--	|--	|--	|--	|--	|--	|--	|--	|--	|--	|--	|--	|--	|--	|--	|--	|--	|--	|--	|--	|--	|--	|--	|--	|--	|--	|--	|--	|--	|--	|--	|--	|--	|--	|--	|
24	| nop                     	|--	|--	|--	|--	|--	|--	|--	|--	|--	|--	|--	|--	|--	|--	|--	|--	|--	|--	|--	|--	|--	|--	|--	|--	|--	|--	|--	|--	|--	|--	|--	|--	|--	|--	|--	|--	|--	|--	|--	|--	|--	|--	|--	|--	|--	|--	|--	|--	|--	|--	|
25	| nop                     	|--	|--	|--	|--	|--	|--	|--	|--	|--	|--	|--	|--	|--	|--	|--	|--	|--	|--	|--	|--	|--	|--	|--	|--	|--	|--	|--	|--	|--	|--	|--	|--	|--	|--	|--	|--	|--	|--	|--	|--	|--	|--	|--	|--	|--	|--	|--	|--	|--	|--	|
26	| nop                     	|--	|--	|--	|--	|--	|--	|--	|--	|--	|--	|--	|--	|--	|--	|--	|--	|--	|--	|--	|--	|--	|--	|--	|--	|--	|--	|--	|--	|--	|--	|--	|--	|--	|--	|--	|--	|--	|--	|--	|--	|--	|--	|--	|--	|--	|--	|--	|--	|--	|--	|
27	| nop                     	|--	|--	|--	|--	|--	|--	|--	|--	|--	|--	|--	|--	|--	|--	|--	|--	|--	|--	|--	|--	|--	|--	|--	|--	|--	|--	|--	|--	|--	|--	|--	|--	|--	|--	|--	|--	|--	|--	|--	|--	|--	|--	|--	|--	|--	|--	|--	|--	|--	|--	|
28	| nop                     	|--	|--	|--	|--	|--	|--	|--	|--	|--	|--	|--	|--	|--	|--	|--	|--	|--	|--	|--	|--	|--	|--	|--	|--	|--	|--	|--	|--	|--	|--	|--	|--	|--	|--	|--	|--	|--	|--	|--	|--	|--	|--	|--	|--	|--	|--	|--	|--	|--	|--	|
29	| nop                     	|--	|--	|--	|--	|--	|--	|--	|--	|--	|--	|--	|--	|--	|--	|--	|--	|--	|--	|--	|--	|--	|--	|--	|--	|--	|--	|--	|--	|--	|--	|--	|--	|--	|--	|--	|--	|--	|--	|--	|--	|--	|--	|--	|--	|--	|--	|--	|--	|--	|--	|
30	| nop                     	|--	|--	|--	|--	|--	|--	|--	|--	|--	|--	|--	|--	|--	|--	|--	|--	|--	|--	|--	|--	|--	|--	|--	|--	|--	|--	|--	|--	|--	|--	|--	|--	|--	|--	|--	|--	|--	|--	|--	|--	|--	|--	|--	|--	|--	|--	|--	|--	|--	|--	|
31	| nop                     	|--	|--	|--	|--	|--	|--	|--	|--	|--	|--	|--	|--	|--	|--	|--	|--	|--	|--	|--	|--	|--	|--	|--	|--	|--	|--	|--	|--	|--	|--	|--	|--	|--	|--	|--	|--	|--	|--	|--	|--	|--	|--	|--	|--	|--	|--	|--	|--	|--	|--	|
32	| nop                     	|--	|--	|--	|--	|--	|--	|--	|--	|--	|--	|--	|--	|--	|--	|--	|--	|--	|--	|--	|--	|--	|--	|--	|--	|--	|--	|--	|--	|--	|--	|--	|--	|--	|--	|--	|--	|--	|--	|--	|--	|--	|--	|--	|--	|--	|--	|--	|--	|--	|--	|
33	| nop                     	|--	|--	|--	|--	|--	|--	|--	|--	|--	|--	|--	|--	|--	|--	|--	|--	|--	|--	|--	|--	|--	|--	|--	|--	|--	|--	|--	|--	|--	|--	|--	|--	|--	|--	|--	|--	|--	|--	|--	|--	|--	|--	|--	|--	|--	|--	|--	|--	|--	|--	|
34	| nop                     	|--	|--	|--	|--	|--	|--	|--	|--	|--	|--	|--	|--	|--	|--	|--	|--	|--	|--	|--	|--	|--	|--	|--	|--	|--	|--	|--	|--	|--	|--	|--	|--	|--	|--	|--	|--	|--	|--	|--	|--	|--	|--	|--	|--	|--	|--	|--	|--	|--	|--	|
35	| nop                     	|--	|--	|--	|--	|--	|--	|--	|--	|--	|--	|--	|--	|--	|--	|--	|--	|--	|--	|--	|--	|--	|--	|--	|--	|--	|--	|--	|--	|--	|--	|--	|--	|--	|--	|--	|--	|--	|--	|--	|--	|--	|--	|--	|--	|--	|--	|--	|--	|--	|--	|
36	| nop                     	|--	|--	|--	|--	|--	|--	|--	|--	|--	|--	|--	|--	|--	|--	|--	|--	|--	|--	|--	|--	|--	|--	|--	|--	|--	|--	|--	|--	|--	|--	|--	|--	|--	|--	|--	|--	|--	|--	|--	|--	|--	|--	|--	|--	|--	|--	|--	|--	|--	|--	|
37	| nop                     	|--	|--	|--	|--	|--	|--	|--	|--	|--	|--	|--	|--	|--	|--	|--	|--	|--	|--	|--	|--	|--	|--	|--	|--	|--	|--	|--	|--	|--	|--	|--	|--	|--	|--	|--	|--	|--	|--	|--	|--	|--	|--	|--	|--	|--	|--	|--	|--	|--	|--	|
38	| nop                     	|--	|--	|--	|--	|--	|--	|--	|--	|--	|--	|--	|--	|--	|--	|--	|--	|--	|--	|--	|--	|--	|--	|--	|--	|--	|--	|--	|--	|--	|--	|--	|--	|--	|--	|--	|--	|--	|--	|--	|--	|--	|--	|--	|--	|--	|--	|--	|--	|--	|--	|
39	| nop                     	|--	|--	|--	|--	|--	|--	|--	|--	|--	|--	|--	|--	|--	|--	|--	|--	|--	|--	|--	|--	|--	|--	|--	|--	|--	|--	|--	|--	|--	|--	|--	|--	|--	|--	|--	|--	|--	|--	|--	|--	|--	|--	|--	|--	|--	|--	|--	|--	|--	|--	|
40	| nop                     	|--	|--	|--	|--	|--	|--	|--	|--	|--	|--	|--	|--	|--	|--	|--	|--	|--	|--	|--	|--	|--	|--	|--	|--	|--	|--	|--	|--	|--	|--	|--	|--	|--	|--	|--	|--	|--	|--	|--	|--	|--	|--	|--	|--	|--	|--	|--	|--	|--	|--	|
41	| nop                     	|--	|--	|--	|--	|--	|--	|--	|--	|--	|--	|--	|--	|--	|--	|--	|--	|--	|--	|--	|--	|--	|--	|--	|--	|--	|--	|--	|--	|--	|--	|--	|--	|--	|--	|--	|--	|--	|--	|--	|--	|--	|--	|--	|--	|--	|--	|--	|--	|--	|--	|
42	| nop                     	|--	|--	|--	|--	|--	|--	|--	|--	|--	|--	|--	|--	|--	|--	|--	|--	|--	|--	|--	|--	|--	|--	|--	|--	|--	|--	|--	|--	|--	|--	|--	|--	|--	|--	|--	|--	|--	|--	|--	|--	|--	|--	|--	|--	|--	|--	|--	|--	|--	|--	|
43	| nop                     	|--	|--	|--	|--	|--	|--	|--	|--	|--	|--	|--	|--	|--	|--	|--	|--	|--	|--	|--	|--	|--	|--	|--	|--	|--	|--	|--	|--	|--	|--	|--	|--	|--	|--	|--	|--	|--	|--	|--	|--	|--	|--	|--	|--	|--	|--	|--	|--	|--	|--	|
44	| nop                     	|--	|--	|--	|--	|--	|--	|--	|--	|--	|--	|--	|--	|--	|--	|--	|--	|--	|--	|--	|--	|--	|--	|--	|--	|--	|--	|--	|--	|--	|--	|--	|--	|--	|--	|--	|--	|--	|--	|--	|--	|--	|--	|--	|--	|--	|--	|--	|--	|--	|--	|
45	| nop                     	|--	|--	|--	|--	|--	|--	|--	|--	|--	|--	|--	|--	|--	|--	|--	|--	|--	|--	|--	|--	|--	|--	|--	|--	|--	|--	|--	|--	|--	|--	|--	|--	|--	|--	|--	|--	|--	|--	|--	|--	|--	|--	|--	|--	|--	|--	|--	|--	|--	|--	|
46	| nop                     	|--	|--	|--	|--	|--	|--	|--	|--	|--	|--	|--	|--	|--	|--	|--	|--	|--	|--	|--	|--	|--	|--	|--	|--	|--	|--	|--	|--	|--	|--	|--	|--	|--	|--	|--	|--	|--	|--	|--	|--	|--	|--	|--	|--	|--	|--	|--	|--	|--	|--	|
47	| nop                     	|--	|--	|--	|--	|--	|--	|--	|--	|--	|--	|--	|--	|--	|--	|--	|--	|--	|--	|--	|--	|--	|--	|--	|--	|--	|--	|--	|--	|--	|--	|--	|--	|--	|--	|--	|--	|--	|--	|--	|--	|--	|--	|--	|--	|--	|--	|--	|--	|--	|--	|
48	| nop                     	|--	|--	|--	|--	|--	|--	|--	|--	|--	|--	|--	|--	|--	|--	|--	|--	|--	|--	|--	|--	|--	|--	|--	|--	|--	|--	|--	|--	|--	|--	|--	|--	|--	|--	|--	|--	|--	|--	|--	|--	|--	|--	|--	|--	|--	|--	|--	|--	|--	|--	|
49	| nop                     	|--	|--	|--	|--	|--	|--	|--	|--	|--	|--	|--	|--	|--	|--	|--	|--	|--	|--	|--	|--	|--	|--	|--	|--	|--	|--	|--	|--	|--	|--	|--	|--	|--	|--	|--	|--	|--	|--	|--	|--	|--	|--	|--	|--	|--	|--	|--	|--	|--	|--	|
---------------------------------------------------------------------------------------------------
