####################################################
Cycle: 0
####################################################
|	 	  IF 	 	 	  |  	 	 ID  	 	 	 | 
| addiu $v1, $zero, 0xffff ||
---------------------------------------------------------------------------------------------------------------------------------------------------------------------------------------------
ALU Pipe: 
---------------------------------------------------------------------------------------------------------------------------------------------------------------------------------------------
| nop                     | nop                     |
--------------------------------------------------------------------------------------------------------------------------------------------------------------------------------------------
MEM Pipe: 
---------------------------------------------------------------------------------------------------------------------------------------------------------------------------------------------
| nop                     | nop                     | nop                     |
--------------------------------------------------------------------------------------------------------------------------------------------------------------------------------------------
MUL/DIV Pipe: 
---------------------------------------------------------------------------------------------------------------------------------------------------------------------------------------------
| nop                     | nop                     | nop                     | nop                     | nop                     |
--------------------------------------------------------------------------------------------------------------------------------------------------------------------------------------------
| 	 	 COMMIT 	 	  | 
|	 	   nop			|
####################################################
Cycle: 1
####################################################
|	 	  IF 	 	 	  |  	 	 ID  	 	 	 | 
| addiu $a0, $zero, 0x2   | addiu $v1, $zero, 0xffff |
---------------------------------------------------------------------------------------------------------------------------------------------------------------------------------------------
ALU Pipe: 
---------------------------------------------------------------------------------------------------------------------------------------------------------------------------------------------
| nop                     | nop                     |
--------------------------------------------------------------------------------------------------------------------------------------------------------------------------------------------
MEM Pipe: 
---------------------------------------------------------------------------------------------------------------------------------------------------------------------------------------------
| nop                     | nop                     | nop                     |
--------------------------------------------------------------------------------------------------------------------------------------------------------------------------------------------
MUL/DIV Pipe: 
---------------------------------------------------------------------------------------------------------------------------------------------------------------------------------------------
| nop                     | nop                     | nop                     | nop                     | nop                     |
--------------------------------------------------------------------------------------------------------------------------------------------------------------------------------------------
| 	 	 COMMIT 	 	  | 
|	 	   nop			|
####################################################
Cycle: 2
####################################################
|	 	  IF 	 	 	  |  	 	 ID  	 	 	 | 
| bne $a0, $zero, 0x2     | addiu $a0, $zero, 0x2   |
---------------------------------------------------------------------------------------------------------------------------------------------------------------------------------------------
ALU Pipe: 
---------------------------------------------------------------------------------------------------------------------------------------------------------------------------------------------
| addiu $v1, $zero, 0xffff | nop                     |
--------------------------------------------------------------------------------------------------------------------------------------------------------------------------------------------
MEM Pipe: 
---------------------------------------------------------------------------------------------------------------------------------------------------------------------------------------------
| nop                     | nop                     | nop                     |
--------------------------------------------------------------------------------------------------------------------------------------------------------------------------------------------
MUL/DIV Pipe: 
---------------------------------------------------------------------------------------------------------------------------------------------------------------------------------------------
| nop                     | nop                     | nop                     | nop                     | nop                     |
--------------------------------------------------------------------------------------------------------------------------------------------------------------------------------------------
| 	 	 COMMIT 	 	  | 
|	 	   nop			|
####################################################
Cycle: 3
####################################################
|	 	  IF 	 	 	  |  	 	 ID  	 	 	 | 
| divu $zero, $v1, $a0    | bne $a0, $zero, 0x2     |
---------------------------------------------------------------------------------------------------------------------------------------------------------------------------------------------
ALU Pipe: 
---------------------------------------------------------------------------------------------------------------------------------------------------------------------------------------------
| addiu $a0, $zero, 0x2   | addiu $v1, $zero, 0xffff |
--------------------------------------------------------------------------------------------------------------------------------------------------------------------------------------------
MEM Pipe: 
---------------------------------------------------------------------------------------------------------------------------------------------------------------------------------------------
| nop                     | nop                     | nop                     |
--------------------------------------------------------------------------------------------------------------------------------------------------------------------------------------------
MUL/DIV Pipe: 
---------------------------------------------------------------------------------------------------------------------------------------------------------------------------------------------
| nop                     | nop                     | nop                     | nop                     | nop                     |
--------------------------------------------------------------------------------------------------------------------------------------------------------------------------------------------
| 	 	 COMMIT 	 	  | 
|	 	   nop			|
####################################################
Cycle: 4
####################################################
|	 	  IF 	 	 	  |  	 	 ID  	 	 	 | 
| mflo $v1, $zero, $zero  | divu $zero, $v1, $a0    |
---------------------------------------------------------------------------------------------------------------------------------------------------------------------------------------------
ALU Pipe: 
---------------------------------------------------------------------------------------------------------------------------------------------------------------------------------------------
| bne $a0, $zero, 0x2     | addiu $a0, $zero, 0x2   |
--------------------------------------------------------------------------------------------------------------------------------------------------------------------------------------------
MEM Pipe: 
---------------------------------------------------------------------------------------------------------------------------------------------------------------------------------------------
| nop                     | nop                     | nop                     |
--------------------------------------------------------------------------------------------------------------------------------------------------------------------------------------------
MUL/DIV Pipe: 
---------------------------------------------------------------------------------------------------------------------------------------------------------------------------------------------
| nop                     | nop                     | nop                     | nop                     | nop                     |
--------------------------------------------------------------------------------------------------------------------------------------------------------------------------------------------
| 	 	 COMMIT 	 	  | 
| addiu $v1, $zero, 0xffff |
####################################################
Cycle: 5
####################################################
|	 	  IF 	 	 	  |  	 	 ID  	 	 	 | 
| mfhi $v0, $zero, $zero  | mflo $v1, $zero, $zero  |
---------------------------------------------------------------------------------------------------------------------------------------------------------------------------------------------
ALU Pipe: 
---------------------------------------------------------------------------------------------------------------------------------------------------------------------------------------------
| nop                     | bne $a0, $zero, 0x2     |
--------------------------------------------------------------------------------------------------------------------------------------------------------------------------------------------
MEM Pipe: 
---------------------------------------------------------------------------------------------------------------------------------------------------------------------------------------------
| nop                     | nop                     | nop                     |
--------------------------------------------------------------------------------------------------------------------------------------------------------------------------------------------
MUL/DIV Pipe: 
---------------------------------------------------------------------------------------------------------------------------------------------------------------------------------------------
| divu $zero, $v1, $a0    | nop                     | nop                     | nop                     | nop                     |
--------------------------------------------------------------------------------------------------------------------------------------------------------------------------------------------
| 	 	 COMMIT 	 	  | 
| addiu $a0, $zero, 0x2   |
####################################################
Cycle: 6
####################################################
|	 	  IF 	 	 	  |  	 	 ID  	 	 	 | 
| jr $zero                | mfhi $v0, $zero, $zero  |
---------------------------------------------------------------------------------------------------------------------------------------------------------------------------------------------
ALU Pipe: 
---------------------------------------------------------------------------------------------------------------------------------------------------------------------------------------------
| nop                     | nop                     |
--------------------------------------------------------------------------------------------------------------------------------------------------------------------------------------------
MEM Pipe: 
---------------------------------------------------------------------------------------------------------------------------------------------------------------------------------------------
| nop                     | nop                     | nop                     |
--------------------------------------------------------------------------------------------------------------------------------------------------------------------------------------------
MUL/DIV Pipe: 
---------------------------------------------------------------------------------------------------------------------------------------------------------------------------------------------
| mflo $v1, $zero, $zero  | divu $zero, $v1, $a0    | nop                     | nop                     | nop                     |
--------------------------------------------------------------------------------------------------------------------------------------------------------------------------------------------
| 	 	 COMMIT 	 	  | 
| bne $a0, $zero, 0x2     |
####################################################
Cycle: 7
####################################################
|	 	  IF 	 	 	  |  	 	 ID  	 	 	 | 
|	 	   nop			 | jr $zero                |
---------------------------------------------------------------------------------------------------------------------------------------------------------------------------------------------
ALU Pipe: 
---------------------------------------------------------------------------------------------------------------------------------------------------------------------------------------------
| nop                     | nop                     |
--------------------------------------------------------------------------------------------------------------------------------------------------------------------------------------------
MEM Pipe: 
---------------------------------------------------------------------------------------------------------------------------------------------------------------------------------------------
| nop                     | nop                     | nop                     |
--------------------------------------------------------------------------------------------------------------------------------------------------------------------------------------------
MUL/DIV Pipe: 
---------------------------------------------------------------------------------------------------------------------------------------------------------------------------------------------
| mfhi $v0, $zero, $zero  | mflo $v1, $zero, $zero  | divu $zero, $v1, $a0    | nop                     | nop                     |
--------------------------------------------------------------------------------------------------------------------------------------------------------------------------------------------
| 	 	 COMMIT 	 	  | 
|	 	   nop			|
####################################################
Cycle: 8
####################################################
|	 	  IF 	 	 	  |  	 	 ID  	 	 	 | 
|	 	   nop			 ||
---------------------------------------------------------------------------------------------------------------------------------------------------------------------------------------------
ALU Pipe: 
---------------------------------------------------------------------------------------------------------------------------------------------------------------------------------------------
| jr $zero                | nop                     |
--------------------------------------------------------------------------------------------------------------------------------------------------------------------------------------------
MEM Pipe: 
---------------------------------------------------------------------------------------------------------------------------------------------------------------------------------------------
| nop                     | nop                     | nop                     |
--------------------------------------------------------------------------------------------------------------------------------------------------------------------------------------------
MUL/DIV Pipe: 
---------------------------------------------------------------------------------------------------------------------------------------------------------------------------------------------
| nop                     | mfhi $v0, $zero, $zero  | mflo $v1, $zero, $zero  | divu $zero, $v1, $a0    | nop                     |
--------------------------------------------------------------------------------------------------------------------------------------------------------------------------------------------
| 	 	 COMMIT 	 	  | 
|	 	   nop			|
####################################################
Cycle: 9
####################################################
|	 	  IF 	 	 	  |  	 	 ID  	 	 	 | 
|	 	   nop			 ||
---------------------------------------------------------------------------------------------------------------------------------------------------------------------------------------------
ALU Pipe: 
---------------------------------------------------------------------------------------------------------------------------------------------------------------------------------------------
| nop                     | jr $zero                |
--------------------------------------------------------------------------------------------------------------------------------------------------------------------------------------------
MEM Pipe: 
---------------------------------------------------------------------------------------------------------------------------------------------------------------------------------------------
| nop                     | nop                     | nop                     |
--------------------------------------------------------------------------------------------------------------------------------------------------------------------------------------------
MUL/DIV Pipe: 
---------------------------------------------------------------------------------------------------------------------------------------------------------------------------------------------
| nop                     | nop                     | mfhi $v0, $zero, $zero  | mflo $v1, $zero, $zero  | divu $zero, $v1, $a0    |
--------------------------------------------------------------------------------------------------------------------------------------------------------------------------------------------
| 	 	 COMMIT 	 	  | 
|	 	   nop			|
####################################################
Cycle: 10
####################################################
|	 	  IF 	 	 	  |  	 	 ID  	 	 	 | 
|	 	   nop			 ||
---------------------------------------------------------------------------------------------------------------------------------------------------------------------------------------------
ALU Pipe: 
---------------------------------------------------------------------------------------------------------------------------------------------------------------------------------------------
| nop                     | nop                     |
--------------------------------------------------------------------------------------------------------------------------------------------------------------------------------------------
MEM Pipe: 
---------------------------------------------------------------------------------------------------------------------------------------------------------------------------------------------
| nop                     | nop                     | nop                     |
--------------------------------------------------------------------------------------------------------------------------------------------------------------------------------------------
MUL/DIV Pipe: 
---------------------------------------------------------------------------------------------------------------------------------------------------------------------------------------------
| nop                     | nop                     | nop                     | mfhi $v0, $zero, $zero  | mflo $v1, $zero, $zero  |
--------------------------------------------------------------------------------------------------------------------------------------------------------------------------------------------
| 	 	 COMMIT 	 	  | 
| divu $zero, $v1, $a0    |
####################################################
Cycle: 11
####################################################
|	 	  IF 	 	 	  |  	 	 ID  	 	 	 | 
|	 	   nop			 ||
---------------------------------------------------------------------------------------------------------------------------------------------------------------------------------------------
ALU Pipe: 
---------------------------------------------------------------------------------------------------------------------------------------------------------------------------------------------
| nop                     | nop                     |
--------------------------------------------------------------------------------------------------------------------------------------------------------------------------------------------
MEM Pipe: 
---------------------------------------------------------------------------------------------------------------------------------------------------------------------------------------------
| nop                     | nop                     | nop                     |
--------------------------------------------------------------------------------------------------------------------------------------------------------------------------------------------
MUL/DIV Pipe: 
---------------------------------------------------------------------------------------------------------------------------------------------------------------------------------------------
| nop                     | nop                     | nop                     | nop                     | mfhi $v0, $zero, $zero  |
--------------------------------------------------------------------------------------------------------------------------------------------------------------------------------------------
| 	 	 COMMIT 	 	  | 
| mflo $v1, $zero, $zero  |
