Cycle: 0
-----------------------------------------------------------------------------------------------------------------------------------
| lui $t1, 0x2000         | nop                     | nop                     | nop                     | nop                     |
-----------------------------------------------------------------------------------------------------------------------------------
Cycle: 1
-----------------------------------------------------------------------------------------------------------------------------------
| lui $v0, 0x8000         | lui $t1, 0x2000         | nop                     | nop                     | nop                     |
-----------------------------------------------------------------------------------------------------------------------------------
Cycle: 2
-----------------------------------------------------------------------------------------------------------------------------------
| lwr $v0, 1($t1)         | lui $v0, 0x8000         | lui $t1, 0x2000         | nop                     | nop                     |
-----------------------------------------------------------------------------------------------------------------------------------
Cycle: 3
-----------------------------------------------------------------------------------------------------------------------------------
| srl $v0, $v0, 31        | lwr $v0, 1($t1)         | lui $v0, 0x8000         | lui $t1, 0x2000         | nop                     |
-----------------------------------------------------------------------------------------------------------------------------------
Cycle: 4
-----------------------------------------------------------------------------------------------------------------------------------
| jr $zero                | srl $v0, $v0, 31        | lwr $v0, 1($t1)         | lui $v0, 0x8000         | lui $t1, 0x2000         |
-----------------------------------------------------------------------------------------------------------------------------------
Cycle: 5
-----------------------------------------------------------------------------------------------------------------------------------
| nop                     | jr $zero                | srl $v0, $v0, 31        | lwr $v0, 1($t1)         | lui $v0, 0x8000         |
-----------------------------------------------------------------------------------------------------------------------------------
Cycle: 6
-----------------------------------------------------------------------------------------------------------------------------------
| nop                     | nop                     | jr $zero                | srl $v0, $v0, 31        | lwr $v0, 1($t1)         |
-----------------------------------------------------------------------------------------------------------------------------------
Cycle: 7
-----------------------------------------------------------------------------------------------------------------------------------
| nop                     | nop                     | nop                     | jr $zero                | srl $v0, $v0, 31        |
-----------------------------------------------------------------------------------------------------------------------------------
Cycle: 8
-----------------------------------------------------------------------------------------------------------------------------------
| nop                     | nop                     | nop                     | nop                     | jr $zero                |
-----------------------------------------------------------------------------------------------------------------------------------
Cycle: 9
-----------------------------------------------------------------------------------------------------------------------------------
| nop                     | nop                     | nop                     | nop                     | nop                     |
-----------------------------------------------------------------------------------------------------------------------------------
Cycle: 10
-----------------------------------------------------------------------------------------------------------------------------------
| nop                     | nop                     | nop                     | nop                     | nop                     |
-----------------------------------------------------------------------------------------------------------------------------------
