####################################################
Cycle: 0 IF : 2 ID : 0 EX : 0 
####################################################
|	  IF 	 	   |	  ID 	 	   | 
|  addiu $v1, $zero, 0xffff | nop                     |
|  addiu $a0, $zero, 0x2   | nop                     |
---------------------------------------------------------------------------------------------------------------------------------------------------------------------------------------------
ALU Pipe: 
---------------------------------------------------------------------------------------------------------------------------------------------------------------------------------------------
| nop                     | nop                     |
--------------------------------------------------------------------------------------------------------------------------------------------------------------------------------------------
MEM Pipe: 
---------------------------------------------------------------------------------------------------------------------------------------------------------------------------------------------
| nop                     | nop                     | nop                     |
--------------------------------------------------------------------------------------------------------------------------------------------------------------------------------------------
MUL/DIV Pipe: 
---------------------------------------------------------------------------------------------------------------------------------------------------------------------------------------------
| nop                     | nop                     | nop                     | nop                     | nop                     |
--------------------------------------------------------------------------------------------------------------------------------------------------------------------------------------------
| 	 	 COMMIT 	 	  | 
|	 	   nop			|
####################################################
Cycle: 1 IF : 1 ID : 2 EX : 0 
####################################################
|	  IF 	 	   |	  ID 	 	   | 
|  bne $a0, $zero, 0x2     | addiu $v1, $zero, 0xffff |
|  divu $zero, $v1, $a0    | addiu $a0, $zero, 0x2   |
---------------------------------------------------------------------------------------------------------------------------------------------------------------------------------------------
ALU Pipe: 
---------------------------------------------------------------------------------------------------------------------------------------------------------------------------------------------
| nop                     | nop                     |
--------------------------------------------------------------------------------------------------------------------------------------------------------------------------------------------
MEM Pipe: 
---------------------------------------------------------------------------------------------------------------------------------------------------------------------------------------------
| nop                     | nop                     | nop                     |
--------------------------------------------------------------------------------------------------------------------------------------------------------------------------------------------
MUL/DIV Pipe: 
---------------------------------------------------------------------------------------------------------------------------------------------------------------------------------------------
| nop                     | nop                     | nop                     | nop                     | nop                     |
--------------------------------------------------------------------------------------------------------------------------------------------------------------------------------------------
| 	 	 COMMIT 	 	  | 
|	 	   nop			|
####################################################
Cycle: 2 IF : 0 ID : 1 EX : 2 
####################################################
|	  IF 	 	   |	  ID 	 	   | 
|  bne $a0, $zero, 0x2     | nop                     |
|  divu $zero, $v1, $a0    | addiu $a0, $zero, 0x2   |
---------------------------------------------------------------------------------------------------------------------------------------------------------------------------------------------
ALU Pipe: 
---------------------------------------------------------------------------------------------------------------------------------------------------------------------------------------------
| addiu $v1, $zero, 0xffff | nop                     |
--------------------------------------------------------------------------------------------------------------------------------------------------------------------------------------------
MEM Pipe: 
---------------------------------------------------------------------------------------------------------------------------------------------------------------------------------------------
| nop                     | nop                     | nop                     |
--------------------------------------------------------------------------------------------------------------------------------------------------------------------------------------------
MUL/DIV Pipe: 
---------------------------------------------------------------------------------------------------------------------------------------------------------------------------------------------
| nop                     | nop                     | nop                     | nop                     | nop                     |
--------------------------------------------------------------------------------------------------------------------------------------------------------------------------------------------
| 	 	 COMMIT 	 	  | 
|	 	   nop			|
####################################################
Cycle: 3 IF : 0 ID : 0 EX : 1 
####################################################
|	  IF 	 	   |	  ID 	 	   | 
|  ILLEGAL $zero, $zero, $a3 | bne $a0, $zero, 0x2     |
|  mflo $v1, $zero, $zero  | divu $zero, $v1, $a0    |
---------------------------------------------------------------------------------------------------------------------------------------------------------------------------------------------
ALU Pipe: 
---------------------------------------------------------------------------------------------------------------------------------------------------------------------------------------------
| addiu $a0, $zero, 0x2   | addiu $v1, $zero, 0xffff |
--------------------------------------------------------------------------------------------------------------------------------------------------------------------------------------------
MEM Pipe: 
---------------------------------------------------------------------------------------------------------------------------------------------------------------------------------------------
| nop                     | nop                     | nop                     |
--------------------------------------------------------------------------------------------------------------------------------------------------------------------------------------------
MUL/DIV Pipe: 
---------------------------------------------------------------------------------------------------------------------------------------------------------------------------------------------
| nop                     | nop                     | nop                     | nop                     | nop                     |
--------------------------------------------------------------------------------------------------------------------------------------------------------------------------------------------
| 	 	 COMMIT 	 	  | 
|	 	   nop			|
####################################################
Cycle: 4 IF : 0 ID : 0 EX : 0 
####################################################
|	  IF 	 	   |	  ID 	 	   | 
|  jr $zero                | ILLEGAL $zero, $zero, $a3 |
|  nop                     | mflo $v1, $zero, $zero  |
---------------------------------------------------------------------------------------------------------------------------------------------------------------------------------------------
ALU Pipe: 
---------------------------------------------------------------------------------------------------------------------------------------------------------------------------------------------
| bne $a0, $zero, 0x2     | addiu $a0, $zero, 0x2   |
--------------------------------------------------------------------------------------------------------------------------------------------------------------------------------------------
MEM Pipe: 
---------------------------------------------------------------------------------------------------------------------------------------------------------------------------------------------
| nop                     | nop                     | nop                     |
--------------------------------------------------------------------------------------------------------------------------------------------------------------------------------------------
MUL/DIV Pipe: 
---------------------------------------------------------------------------------------------------------------------------------------------------------------------------------------------
| nop                     | nop                     | nop                     | nop                     | nop                     |
--------------------------------------------------------------------------------------------------------------------------------------------------------------------------------------------
| 	 	 COMMIT 	 	  | 
| addiu $v1, $zero, 0xffff |
####################################################
Cycle: 5 IF : 0 ID : 0 EX : 0 
####################################################
|	  IF 	 	   |	  ID 	 	   | 
|  nop                     | jr $zero                |
|  nop                     | nop                     |
---------------------------------------------------------------------------------------------------------------------------------------------------------------------------------------------
ALU Pipe: 
---------------------------------------------------------------------------------------------------------------------------------------------------------------------------------------------
| ILLEGAL $zero, $zero, $a3 | bne $a0, $zero, 0x2     |
--------------------------------------------------------------------------------------------------------------------------------------------------------------------------------------------
MEM Pipe: 
---------------------------------------------------------------------------------------------------------------------------------------------------------------------------------------------
| nop                     | nop                     | nop                     |
--------------------------------------------------------------------------------------------------------------------------------------------------------------------------------------------
MUL/DIV Pipe: 
---------------------------------------------------------------------------------------------------------------------------------------------------------------------------------------------
| nop                     | nop                     | nop                     | nop                     | nop                     |
--------------------------------------------------------------------------------------------------------------------------------------------------------------------------------------------
| 	 	 COMMIT 	 	  | 
|	 	   nop			|
####################################################
Cycle: 6 IF : 0 ID : 0 EX : 0 
####################################################
|	  IF 	 	   |	  ID 	 	   | 
|  nop                     | nop                     |
|  nop                     | nop                     |
---------------------------------------------------------------------------------------------------------------------------------------------------------------------------------------------
ALU Pipe: 
---------------------------------------------------------------------------------------------------------------------------------------------------------------------------------------------
| jr $zero                | ILLEGAL $zero, $zero, $a3 |
--------------------------------------------------------------------------------------------------------------------------------------------------------------------------------------------
MEM Pipe: 
---------------------------------------------------------------------------------------------------------------------------------------------------------------------------------------------
| nop                     | nop                     | nop                     |
--------------------------------------------------------------------------------------------------------------------------------------------------------------------------------------------
MUL/DIV Pipe: 
---------------------------------------------------------------------------------------------------------------------------------------------------------------------------------------------
| nop                     | nop                     | nop                     | nop                     | nop                     |
--------------------------------------------------------------------------------------------------------------------------------------------------------------------------------------------
| 	 	 COMMIT 	 	  | 
| bne $a0, $zero, 0x2     |
####################################################
Cycle: 7 IF : 0 ID : 0 EX : 0 
####################################################
|	  IF 	 	   |	  ID 	 	   | 
|  nop                     | nop                     |
|  nop                     | nop                     |
---------------------------------------------------------------------------------------------------------------------------------------------------------------------------------------------
ALU Pipe: 
---------------------------------------------------------------------------------------------------------------------------------------------------------------------------------------------
| nop                     | jr $zero                |
--------------------------------------------------------------------------------------------------------------------------------------------------------------------------------------------
MEM Pipe: 
---------------------------------------------------------------------------------------------------------------------------------------------------------------------------------------------
| nop                     | nop                     | nop                     |
--------------------------------------------------------------------------------------------------------------------------------------------------------------------------------------------
MUL/DIV Pipe: 
---------------------------------------------------------------------------------------------------------------------------------------------------------------------------------------------
| nop                     | nop                     | nop                     | nop                     | nop                     |
--------------------------------------------------------------------------------------------------------------------------------------------------------------------------------------------
| 	 	 COMMIT 	 	  | 
|	 	   nop			|
####################################################
Cycle: 8 IF : 0 ID : 0 EX : 0 
####################################################
|	  IF 	 	   |	  ID 	 	   | 
|  nop                     | nop                     |
|  nop                     | nop                     |
---------------------------------------------------------------------------------------------------------------------------------------------------------------------------------------------
ALU Pipe: 
---------------------------------------------------------------------------------------------------------------------------------------------------------------------------------------------
| nop                     | nop                     |
--------------------------------------------------------------------------------------------------------------------------------------------------------------------------------------------
MEM Pipe: 
---------------------------------------------------------------------------------------------------------------------------------------------------------------------------------------------
| nop                     | nop                     | nop                     |
--------------------------------------------------------------------------------------------------------------------------------------------------------------------------------------------
MUL/DIV Pipe: 
---------------------------------------------------------------------------------------------------------------------------------------------------------------------------------------------
| nop                     | nop                     | nop                     | nop                     | nop                     |
--------------------------------------------------------------------------------------------------------------------------------------------------------------------------------------------
| 	 	 COMMIT 	 	  | 
| jr $zero                |
