####################################################
Cycle: 0	Head: 0	Tail: 1
####################################################
	 |Val|Instruction 	 	 	 	|Pending: 	|Physical Reg: 	|
---------------------------------------------------------------------------------------------------
0	|1	| lui $t1, 0x2000         	|1	 	 	 |9	 	 	 	 |	 	 	 	 <-------  HEAD	
---------------------------------------------------------------------------------------------------
1	|0	| nop                     	|0	 	 	 |0	 	 	 	 |	 	 	 	 <-------  TAIL	
---------------------------------------------------------------------------------------------------
2	|0	| nop                     	|0	 	 	 |0	 	 	 	 |	
---------------------------------------------------------------------------------------------------
3	|0	| nop                     	|0	 	 	 |0	 	 	 	 |	
---------------------------------------------------------------------------------------------------
4	|0	| nop                     	|0	 	 	 |0	 	 	 	 |	
---------------------------------------------------------------------------------------------------
5	|0	| nop                     	|0	 	 	 |0	 	 	 	 |	
---------------------------------------------------------------------------------------------------
6	|0	| nop                     	|0	 	 	 |0	 	 	 	 |	
---------------------------------------------------------------------------------------------------
7	|0	| nop                     	|0	 	 	 |0	 	 	 	 |	
---------------------------------------------------------------------------------------------------
8	|0	| nop                     	|0	 	 	 |0	 	 	 	 |	
---------------------------------------------------------------------------------------------------
9	|0	| nop                     	|0	 	 	 |0	 	 	 	 |	
---------------------------------------------------------------------------------------------------
10	|0	| nop                     	|0	 	 	 |0	 	 	 	 |	
---------------------------------------------------------------------------------------------------
11	|0	| nop                     	|0	 	 	 |0	 	 	 	 |	
---------------------------------------------------------------------------------------------------
12	|0	| nop                     	|0	 	 	 |0	 	 	 	 |	
---------------------------------------------------------------------------------------------------
13	|0	| nop                     	|0	 	 	 |0	 	 	 	 |	
---------------------------------------------------------------------------------------------------
14	|0	| nop                     	|0	 	 	 |0	 	 	 	 |	
---------------------------------------------------------------------------------------------------
15	|0	| nop                     	|0	 	 	 |0	 	 	 	 |	
---------------------------------------------------------------------------------------------------
####################################################
Cycle: 1	Head: 0	Tail: 2
####################################################
	 |Val|Instruction 	 	 	 	|Pending: 	|Physical Reg: 	|
---------------------------------------------------------------------------------------------------
0	|1	| lui $t1, 0x2000         	|1	 	 	 |9	 	 	 	 |	 	 	 	 <-------  HEAD	
---------------------------------------------------------------------------------------------------
1	|1	| lui $t2, 0x8000         	|1	 	 	 |10	 	 	 	 |	
---------------------------------------------------------------------------------------------------
2	|0	| nop                     	|0	 	 	 |0	 	 	 	 |	 	 	 	 <-------  TAIL	
---------------------------------------------------------------------------------------------------
3	|0	| nop                     	|0	 	 	 |0	 	 	 	 |	
---------------------------------------------------------------------------------------------------
4	|0	| nop                     	|0	 	 	 |0	 	 	 	 |	
---------------------------------------------------------------------------------------------------
5	|0	| nop                     	|0	 	 	 |0	 	 	 	 |	
---------------------------------------------------------------------------------------------------
6	|0	| nop                     	|0	 	 	 |0	 	 	 	 |	
---------------------------------------------------------------------------------------------------
7	|0	| nop                     	|0	 	 	 |0	 	 	 	 |	
---------------------------------------------------------------------------------------------------
8	|0	| nop                     	|0	 	 	 |0	 	 	 	 |	
---------------------------------------------------------------------------------------------------
9	|0	| nop                     	|0	 	 	 |0	 	 	 	 |	
---------------------------------------------------------------------------------------------------
10	|0	| nop                     	|0	 	 	 |0	 	 	 	 |	
---------------------------------------------------------------------------------------------------
11	|0	| nop                     	|0	 	 	 |0	 	 	 	 |	
---------------------------------------------------------------------------------------------------
12	|0	| nop                     	|0	 	 	 |0	 	 	 	 |	
---------------------------------------------------------------------------------------------------
13	|0	| nop                     	|0	 	 	 |0	 	 	 	 |	
---------------------------------------------------------------------------------------------------
14	|0	| nop                     	|0	 	 	 |0	 	 	 	 |	
---------------------------------------------------------------------------------------------------
15	|0	| nop                     	|0	 	 	 |0	 	 	 	 |	
---------------------------------------------------------------------------------------------------
####################################################
Cycle: 2	Head: 0	Tail: 3
####################################################
	 |Val|Instruction 	 	 	 	|Pending: 	|Physical Reg: 	|
---------------------------------------------------------------------------------------------------
0	|1	| lui $t1, 0x2000         	|1	 	 	 |9	 	 	 	 |	 	 	 	 <-------  HEAD	
---------------------------------------------------------------------------------------------------
1	|1	| lui $t2, 0x8000         	|1	 	 	 |10	 	 	 	 |	
---------------------------------------------------------------------------------------------------
2	|1	| sw $t2, 0($t1)          	|1	 	 	 |10	 	 	 	 |	
---------------------------------------------------------------------------------------------------
3	|0	| nop                     	|0	 	 	 |0	 	 	 	 |	 	 	 	 <-------  TAIL	
---------------------------------------------------------------------------------------------------
4	|0	| nop                     	|0	 	 	 |0	 	 	 	 |	
---------------------------------------------------------------------------------------------------
5	|0	| nop                     	|0	 	 	 |0	 	 	 	 |	
---------------------------------------------------------------------------------------------------
6	|0	| nop                     	|0	 	 	 |0	 	 	 	 |	
---------------------------------------------------------------------------------------------------
7	|0	| nop                     	|0	 	 	 |0	 	 	 	 |	
---------------------------------------------------------------------------------------------------
8	|0	| nop                     	|0	 	 	 |0	 	 	 	 |	
---------------------------------------------------------------------------------------------------
9	|0	| nop                     	|0	 	 	 |0	 	 	 	 |	
---------------------------------------------------------------------------------------------------
10	|0	| nop                     	|0	 	 	 |0	 	 	 	 |	
---------------------------------------------------------------------------------------------------
11	|0	| nop                     	|0	 	 	 |0	 	 	 	 |	
---------------------------------------------------------------------------------------------------
12	|0	| nop                     	|0	 	 	 |0	 	 	 	 |	
---------------------------------------------------------------------------------------------------
13	|0	| nop                     	|0	 	 	 |0	 	 	 	 |	
---------------------------------------------------------------------------------------------------
14	|0	| nop                     	|0	 	 	 |0	 	 	 	 |	
---------------------------------------------------------------------------------------------------
15	|0	| nop                     	|0	 	 	 |0	 	 	 	 |	
---------------------------------------------------------------------------------------------------
####################################################
Cycle: 3	Head: 0	Tail: 4
####################################################
	 |Val|Instruction 	 	 	 	|Pending: 	|Physical Reg: 	|
---------------------------------------------------------------------------------------------------
0	|1	| lui $t1, 0x2000         	|1	 	 	 |9	 	 	 	 |	 	 	 	 <-------  HEAD	
---------------------------------------------------------------------------------------------------
1	|1	| lui $t2, 0x8000         	|1	 	 	 |10	 	 	 	 |	
---------------------------------------------------------------------------------------------------
2	|1	| sw $t2, 0($t1)          	|1	 	 	 |10	 	 	 	 |	
---------------------------------------------------------------------------------------------------
3	|1	| lwl $v0, 0($t1)         	|1	 	 	 |2	 	 	 	 |	
---------------------------------------------------------------------------------------------------
4	|0	| nop                     	|0	 	 	 |0	 	 	 	 |	 	 	 	 <-------  TAIL	
---------------------------------------------------------------------------------------------------
5	|0	| nop                     	|0	 	 	 |0	 	 	 	 |	
---------------------------------------------------------------------------------------------------
6	|0	| nop                     	|0	 	 	 |0	 	 	 	 |	
---------------------------------------------------------------------------------------------------
7	|0	| nop                     	|0	 	 	 |0	 	 	 	 |	
---------------------------------------------------------------------------------------------------
8	|0	| nop                     	|0	 	 	 |0	 	 	 	 |	
---------------------------------------------------------------------------------------------------
9	|0	| nop                     	|0	 	 	 |0	 	 	 	 |	
---------------------------------------------------------------------------------------------------
10	|0	| nop                     	|0	 	 	 |0	 	 	 	 |	
---------------------------------------------------------------------------------------------------
11	|0	| nop                     	|0	 	 	 |0	 	 	 	 |	
---------------------------------------------------------------------------------------------------
12	|0	| nop                     	|0	 	 	 |0	 	 	 	 |	
---------------------------------------------------------------------------------------------------
13	|0	| nop                     	|0	 	 	 |0	 	 	 	 |	
---------------------------------------------------------------------------------------------------
14	|0	| nop                     	|0	 	 	 |0	 	 	 	 |	
---------------------------------------------------------------------------------------------------
15	|0	| nop                     	|0	 	 	 |0	 	 	 	 |	
---------------------------------------------------------------------------------------------------
####################################################
Cycle: 4	Head: 0	Tail: 5
####################################################
	 |Val|Instruction 	 	 	 	|Pending: 	|Physical Reg: 	|
---------------------------------------------------------------------------------------------------
0	|1	| lui $t1, 0x2000         	|0	 	 	 |9	 	 	 	 |	 	 	 	 <-------  HEAD	
---------------------------------------------------------------------------------------------------
1	|1	| lui $t2, 0x8000         	|1	 	 	 |10	 	 	 	 |	
---------------------------------------------------------------------------------------------------
2	|1	| sw $t2, 0($t1)          	|1	 	 	 |10	 	 	 	 |	
---------------------------------------------------------------------------------------------------
3	|1	| lwl $v0, 0($t1)         	|1	 	 	 |2	 	 	 	 |	
---------------------------------------------------------------------------------------------------
4	|1	| srl $v0, $v0, 31        	|1	 	 	 |2	 	 	 	 |	
---------------------------------------------------------------------------------------------------
5	|0	| nop                     	|0	 	 	 |0	 	 	 	 |	 	 	 	 <-------  TAIL	
---------------------------------------------------------------------------------------------------
6	|0	| nop                     	|0	 	 	 |0	 	 	 	 |	
---------------------------------------------------------------------------------------------------
7	|0	| nop                     	|0	 	 	 |0	 	 	 	 |	
---------------------------------------------------------------------------------------------------
8	|0	| nop                     	|0	 	 	 |0	 	 	 	 |	
---------------------------------------------------------------------------------------------------
9	|0	| nop                     	|0	 	 	 |0	 	 	 	 |	
---------------------------------------------------------------------------------------------------
10	|0	| nop                     	|0	 	 	 |0	 	 	 	 |	
---------------------------------------------------------------------------------------------------
11	|0	| nop                     	|0	 	 	 |0	 	 	 	 |	
---------------------------------------------------------------------------------------------------
12	|0	| nop                     	|0	 	 	 |0	 	 	 	 |	
---------------------------------------------------------------------------------------------------
13	|0	| nop                     	|0	 	 	 |0	 	 	 	 |	
---------------------------------------------------------------------------------------------------
14	|0	| nop                     	|0	 	 	 |0	 	 	 	 |	
---------------------------------------------------------------------------------------------------
15	|0	| nop                     	|0	 	 	 |0	 	 	 	 |	
---------------------------------------------------------------------------------------------------
####################################################
Cycle: 5	Head: 0	Tail: 6
####################################################
	 |Val|Instruction 	 	 	 	|Pending: 	|Physical Reg: 	|
---------------------------------------------------------------------------------------------------
0	|1	| lui $t1, 0x2000         	|0	 	 	 |9	 	 	 	 |	 	 	 	 <-------  HEAD	
---------------------------------------------------------------------------------------------------
1	|1	| lui $t2, 0x8000         	|0	 	 	 |10	 	 	 	 |	
---------------------------------------------------------------------------------------------------
2	|1	| sw $t2, 0($t1)          	|1	 	 	 |10	 	 	 	 |	
---------------------------------------------------------------------------------------------------
3	|1	| lwl $v0, 0($t1)         	|1	 	 	 |2	 	 	 	 |	
---------------------------------------------------------------------------------------------------
4	|1	| srl $v0, $v0, 31        	|1	 	 	 |2	 	 	 	 |	
---------------------------------------------------------------------------------------------------
5	|1	| jr $zero                	|1	 	 	 |0	 	 	 	 |	
---------------------------------------------------------------------------------------------------
6	|0	| nop                     	|0	 	 	 |0	 	 	 	 |	 	 	 	 <-------  TAIL	
---------------------------------------------------------------------------------------------------
7	|0	| nop                     	|0	 	 	 |0	 	 	 	 |	
---------------------------------------------------------------------------------------------------
8	|0	| nop                     	|0	 	 	 |0	 	 	 	 |	
---------------------------------------------------------------------------------------------------
9	|0	| nop                     	|0	 	 	 |0	 	 	 	 |	
---------------------------------------------------------------------------------------------------
10	|0	| nop                     	|0	 	 	 |0	 	 	 	 |	
---------------------------------------------------------------------------------------------------
11	|0	| nop                     	|0	 	 	 |0	 	 	 	 |	
---------------------------------------------------------------------------------------------------
12	|0	| nop                     	|0	 	 	 |0	 	 	 	 |	
---------------------------------------------------------------------------------------------------
13	|0	| nop                     	|0	 	 	 |0	 	 	 	 |	
---------------------------------------------------------------------------------------------------
14	|0	| nop                     	|0	 	 	 |0	 	 	 	 |	
---------------------------------------------------------------------------------------------------
15	|0	| nop                     	|0	 	 	 |0	 	 	 	 |	
---------------------------------------------------------------------------------------------------
####################################################
Cycle: 6	Head: 0	Tail: 6
####################################################
	 |Val|Instruction 	 	 	 	|Pending: 	|Physical Reg: 	|
---------------------------------------------------------------------------------------------------
0	|1	| lui $t1, 0x2000         	|0	 	 	 |9	 	 	 	 |	 	 	 	 <-------  HEAD	
---------------------------------------------------------------------------------------------------
1	|1	| lui $t2, 0x8000         	|0	 	 	 |10	 	 	 	 |	
---------------------------------------------------------------------------------------------------
2	|1	| sw $t2, 0($t1)          	|1	 	 	 |10	 	 	 	 |	
---------------------------------------------------------------------------------------------------
3	|1	| lwl $v0, 0($t1)         	|1	 	 	 |2	 	 	 	 |	
---------------------------------------------------------------------------------------------------
4	|1	| srl $v0, $v0, 31        	|1	 	 	 |2	 	 	 	 |	
---------------------------------------------------------------------------------------------------
5	|1	| jr $zero                	|1	 	 	 |0	 	 	 	 |	
---------------------------------------------------------------------------------------------------
6	|0	| nop                     	|0	 	 	 |0	 	 	 	 |	 	 	 	 <-------  TAIL	
---------------------------------------------------------------------------------------------------
7	|0	| nop                     	|0	 	 	 |0	 	 	 	 |	
---------------------------------------------------------------------------------------------------
8	|0	| nop                     	|0	 	 	 |0	 	 	 	 |	
---------------------------------------------------------------------------------------------------
9	|0	| nop                     	|0	 	 	 |0	 	 	 	 |	
---------------------------------------------------------------------------------------------------
10	|0	| nop                     	|0	 	 	 |0	 	 	 	 |	
---------------------------------------------------------------------------------------------------
11	|0	| nop                     	|0	 	 	 |0	 	 	 	 |	
---------------------------------------------------------------------------------------------------
12	|0	| nop                     	|0	 	 	 |0	 	 	 	 |	
---------------------------------------------------------------------------------------------------
13	|0	| nop                     	|0	 	 	 |0	 	 	 	 |	
---------------------------------------------------------------------------------------------------
14	|0	| nop                     	|0	 	 	 |0	 	 	 	 |	
---------------------------------------------------------------------------------------------------
15	|0	| nop                     	|0	 	 	 |0	 	 	 	 |	
---------------------------------------------------------------------------------------------------
####################################################
Cycle: 7	Head: 0	Tail: 6
####################################################
	 |Val|Instruction 	 	 	 	|Pending: 	|Physical Reg: 	|
---------------------------------------------------------------------------------------------------
0	|1	| lui $t1, 0x2000         	|0	 	 	 |9	 	 	 	 |	 	 	 	 <-------  HEAD	
---------------------------------------------------------------------------------------------------
1	|1	| lui $t2, 0x8000         	|0	 	 	 |10	 	 	 	 |	
---------------------------------------------------------------------------------------------------
2	|1	| sw $t2, 0($t1)          	|0	 	 	 |10	 	 	 	 |	
---------------------------------------------------------------------------------------------------
3	|1	| lwl $v0, 0($t1)         	|1	 	 	 |2	 	 	 	 |	
---------------------------------------------------------------------------------------------------
4	|1	| srl $v0, $v0, 31        	|1	 	 	 |2	 	 	 	 |	
---------------------------------------------------------------------------------------------------
5	|1	| jr $zero                	|1	 	 	 |0	 	 	 	 |	
---------------------------------------------------------------------------------------------------
6	|0	| nop                     	|0	 	 	 |0	 	 	 	 |	 	 	 	 <-------  TAIL	
---------------------------------------------------------------------------------------------------
7	|0	| nop                     	|0	 	 	 |0	 	 	 	 |	
---------------------------------------------------------------------------------------------------
8	|0	| nop                     	|0	 	 	 |0	 	 	 	 |	
---------------------------------------------------------------------------------------------------
9	|0	| nop                     	|0	 	 	 |0	 	 	 	 |	
---------------------------------------------------------------------------------------------------
10	|0	| nop                     	|0	 	 	 |0	 	 	 	 |	
---------------------------------------------------------------------------------------------------
11	|0	| nop                     	|0	 	 	 |0	 	 	 	 |	
---------------------------------------------------------------------------------------------------
12	|0	| nop                     	|0	 	 	 |0	 	 	 	 |	
---------------------------------------------------------------------------------------------------
13	|0	| nop                     	|0	 	 	 |0	 	 	 	 |	
---------------------------------------------------------------------------------------------------
14	|0	| nop                     	|0	 	 	 |0	 	 	 	 |	
---------------------------------------------------------------------------------------------------
15	|0	| nop                     	|0	 	 	 |0	 	 	 	 |	
---------------------------------------------------------------------------------------------------
####################################################
Cycle: 8	Head: 0	Tail: 6
####################################################
	 |Val|Instruction 	 	 	 	|Pending: 	|Physical Reg: 	|
---------------------------------------------------------------------------------------------------
0	|1	| lui $t1, 0x2000         	|0	 	 	 |9	 	 	 	 |	 	 	 	 <-------  HEAD	
---------------------------------------------------------------------------------------------------
1	|1	| lui $t2, 0x8000         	|0	 	 	 |10	 	 	 	 |	
---------------------------------------------------------------------------------------------------
2	|1	| sw $t2, 0($t1)          	|0	 	 	 |10	 	 	 	 |	
---------------------------------------------------------------------------------------------------
3	|1	| lwl $v0, 0($t1)         	|0	 	 	 |2	 	 	 	 |	
---------------------------------------------------------------------------------------------------
4	|1	| srl $v0, $v0, 31        	|1	 	 	 |2	 	 	 	 |	
---------------------------------------------------------------------------------------------------
5	|1	| jr $zero                	|1	 	 	 |0	 	 	 	 |	
---------------------------------------------------------------------------------------------------
6	|0	| nop                     	|0	 	 	 |0	 	 	 	 |	 	 	 	 <-------  TAIL	
---------------------------------------------------------------------------------------------------
7	|0	| nop                     	|0	 	 	 |0	 	 	 	 |	
---------------------------------------------------------------------------------------------------
8	|0	| nop                     	|0	 	 	 |0	 	 	 	 |	
---------------------------------------------------------------------------------------------------
9	|0	| nop                     	|0	 	 	 |0	 	 	 	 |	
---------------------------------------------------------------------------------------------------
10	|0	| nop                     	|0	 	 	 |0	 	 	 	 |	
---------------------------------------------------------------------------------------------------
11	|0	| nop                     	|0	 	 	 |0	 	 	 	 |	
---------------------------------------------------------------------------------------------------
12	|0	| nop                     	|0	 	 	 |0	 	 	 	 |	
---------------------------------------------------------------------------------------------------
13	|0	| nop                     	|0	 	 	 |0	 	 	 	 |	
---------------------------------------------------------------------------------------------------
14	|0	| nop                     	|0	 	 	 |0	 	 	 	 |	
---------------------------------------------------------------------------------------------------
15	|0	| nop                     	|0	 	 	 |0	 	 	 	 |	
---------------------------------------------------------------------------------------------------
####################################################
Cycle: 9	Head: 0	Tail: 6
####################################################
	 |Val|Instruction 	 	 	 	|Pending: 	|Physical Reg: 	|
---------------------------------------------------------------------------------------------------
0	|1	| lui $t1, 0x2000         	|0	 	 	 |9	 	 	 	 |	 	 	 	 <-------  HEAD	
---------------------------------------------------------------------------------------------------
1	|1	| lui $t2, 0x8000         	|0	 	 	 |10	 	 	 	 |	
---------------------------------------------------------------------------------------------------
2	|1	| sw $t2, 0($t1)          	|0	 	 	 |10	 	 	 	 |	
---------------------------------------------------------------------------------------------------
3	|1	| lwl $v0, 0($t1)         	|0	 	 	 |2	 	 	 	 |	
---------------------------------------------------------------------------------------------------
4	|1	| srl $v0, $v0, 31        	|0	 	 	 |2	 	 	 	 |	
---------------------------------------------------------------------------------------------------
5	|1	| jr $zero                	|1	 	 	 |0	 	 	 	 |	
---------------------------------------------------------------------------------------------------
6	|0	| nop                     	|0	 	 	 |0	 	 	 	 |	 	 	 	 <-------  TAIL	
---------------------------------------------------------------------------------------------------
7	|0	| nop                     	|0	 	 	 |0	 	 	 	 |	
---------------------------------------------------------------------------------------------------
8	|0	| nop                     	|0	 	 	 |0	 	 	 	 |	
---------------------------------------------------------------------------------------------------
9	|0	| nop                     	|0	 	 	 |0	 	 	 	 |	
---------------------------------------------------------------------------------------------------
10	|0	| nop                     	|0	 	 	 |0	 	 	 	 |	
---------------------------------------------------------------------------------------------------
11	|0	| nop                     	|0	 	 	 |0	 	 	 	 |	
---------------------------------------------------------------------------------------------------
12	|0	| nop                     	|0	 	 	 |0	 	 	 	 |	
---------------------------------------------------------------------------------------------------
13	|0	| nop                     	|0	 	 	 |0	 	 	 	 |	
---------------------------------------------------------------------------------------------------
14	|0	| nop                     	|0	 	 	 |0	 	 	 	 |	
---------------------------------------------------------------------------------------------------
15	|0	| nop                     	|0	 	 	 |0	 	 	 	 |	
---------------------------------------------------------------------------------------------------
####################################################
Cycle: 10	Head: 0	Tail: 6
####################################################
	 |Val|Instruction 	 	 	 	|Pending: 	|Physical Reg: 	|
---------------------------------------------------------------------------------------------------
0	|1	| lui $t1, 0x2000         	|0	 	 	 |9	 	 	 	 |	 	 	 	 <-------  HEAD	
---------------------------------------------------------------------------------------------------
1	|1	| lui $t2, 0x8000         	|0	 	 	 |10	 	 	 	 |	
---------------------------------------------------------------------------------------------------
2	|1	| sw $t2, 0($t1)          	|0	 	 	 |10	 	 	 	 |	
---------------------------------------------------------------------------------------------------
3	|1	| lwl $v0, 0($t1)         	|0	 	 	 |2	 	 	 	 |	
---------------------------------------------------------------------------------------------------
4	|1	| srl $v0, $v0, 31        	|0	 	 	 |2	 	 	 	 |	
---------------------------------------------------------------------------------------------------
5	|1	| jr $zero                	|0	 	 	 |0	 	 	 	 |	
---------------------------------------------------------------------------------------------------
6	|0	| nop                     	|0	 	 	 |0	 	 	 	 |	 	 	 	 <-------  TAIL	
---------------------------------------------------------------------------------------------------
7	|0	| nop                     	|0	 	 	 |0	 	 	 	 |	
---------------------------------------------------------------------------------------------------
8	|0	| nop                     	|0	 	 	 |0	 	 	 	 |	
---------------------------------------------------------------------------------------------------
9	|0	| nop                     	|0	 	 	 |0	 	 	 	 |	
---------------------------------------------------------------------------------------------------
10	|0	| nop                     	|0	 	 	 |0	 	 	 	 |	
---------------------------------------------------------------------------------------------------
11	|0	| nop                     	|0	 	 	 |0	 	 	 	 |	
---------------------------------------------------------------------------------------------------
12	|0	| nop                     	|0	 	 	 |0	 	 	 	 |	
---------------------------------------------------------------------------------------------------
13	|0	| nop                     	|0	 	 	 |0	 	 	 	 |	
---------------------------------------------------------------------------------------------------
14	|0	| nop                     	|0	 	 	 |0	 	 	 	 |	
---------------------------------------------------------------------------------------------------
15	|0	| nop                     	|0	 	 	 |0	 	 	 	 |	
---------------------------------------------------------------------------------------------------
####################################################
Cycle: 11	Head: 0	Tail: 6
####################################################
	 |Val|Instruction 	 	 	 	|Pending: 	|Physical Reg: 	|
---------------------------------------------------------------------------------------------------
0	|1	| lui $t1, 0x2000         	|0	 	 	 |9	 	 	 	 |	 	 	 	 <-------  HEAD	
---------------------------------------------------------------------------------------------------
1	|1	| lui $t2, 0x8000         	|0	 	 	 |10	 	 	 	 |	
---------------------------------------------------------------------------------------------------
2	|1	| sw $t2, 0($t1)          	|0	 	 	 |10	 	 	 	 |	
---------------------------------------------------------------------------------------------------
3	|1	| lwl $v0, 0($t1)         	|0	 	 	 |2	 	 	 	 |	
---------------------------------------------------------------------------------------------------
4	|1	| srl $v0, $v0, 31        	|0	 	 	 |2	 	 	 	 |	
---------------------------------------------------------------------------------------------------
5	|1	| jr $zero                	|0	 	 	 |0	 	 	 	 |	
---------------------------------------------------------------------------------------------------
6	|0	| nop                     	|0	 	 	 |0	 	 	 	 |	 	 	 	 <-------  TAIL	
---------------------------------------------------------------------------------------------------
7	|0	| nop                     	|0	 	 	 |0	 	 	 	 |	
---------------------------------------------------------------------------------------------------
8	|0	| nop                     	|0	 	 	 |0	 	 	 	 |	
---------------------------------------------------------------------------------------------------
9	|0	| nop                     	|0	 	 	 |0	 	 	 	 |	
---------------------------------------------------------------------------------------------------
10	|0	| nop                     	|0	 	 	 |0	 	 	 	 |	
---------------------------------------------------------------------------------------------------
11	|0	| nop                     	|0	 	 	 |0	 	 	 	 |	
---------------------------------------------------------------------------------------------------
12	|0	| nop                     	|0	 	 	 |0	 	 	 	 |	
---------------------------------------------------------------------------------------------------
13	|0	| nop                     	|0	 	 	 |0	 	 	 	 |	
---------------------------------------------------------------------------------------------------
14	|0	| nop                     	|0	 	 	 |0	 	 	 	 |	
---------------------------------------------------------------------------------------------------
15	|0	| nop                     	|0	 	 	 |0	 	 	 	 |	
---------------------------------------------------------------------------------------------------
